<?xml version="1.0" encoding="UTF-8"?>
<!-- Generated by org.testng.reporters.JUnitReportReporter -->
<testsuite skipped="0" hostname="Mahadev-PC" name="org.crossbrowser.testng.playstore.PlayStoreTest" tests="4" failures="0" timestamp="04 Aug 2017 13:02:13 GMT" time="151.829" errors="0">
  <testcase name="playStoreAppLaunch" time="40.396" classname="org.crossbrowser.testng.playstore.PlayStoreTest"/>
  <testcase name="playStoreAppLaunch" time="39.870" classname="org.crossbrowser.testng.playstore.PlayStoreTest"/>
  <testcase name="playStoreAppLaunch" time="36.419" classname="org.crossbrowser.testng.playstore.PlayStoreTest"/>
  <testcase name="playStoreAppLaunch" time="35.144" classname="org.crossbrowser.testng.playstore.PlayStoreTest"/>
</testsuite> <!-- org.crossbrowser.testng.playstore.PlayStoreTest -->
